2019-11-28 12:05:10,352  INFO [main] LogReports:27 - IE browser launched
2019-11-28 12:05:10,434  INFO [main] LogReports:27 - URL is loading http://tutorialsninja.com/demo/
2019-11-28 12:05:13,581  INFO [main] LogReports:27 - Url is matched :http://tutorialsninja.com/demo/
2019-11-28 12:05:13,944  INFO [main] LogReports:27 - Assert passed and the text is :The Ninja Store
2019-11-28 12:05:14,501  INFO [main] LogReports:27 - The test value is :iPhone
2019-11-28 12:05:15,792  INFO [main] LogReports:27 - Searching...iPhone
2019-11-28 12:05:17,766  INFO [main] LogReports:27 - clicked on iPhone link
2019-11-28 12:05:18,583  INFO [main] LogReports:27 - iphone qty is now 2
2019-11-28 12:05:19,100  INFO [main] LogReports:27 - iphone of qty 2 is now added to the cart
2019-11-28 12:05:20,163  INFO [main] LogReports:27 - The test value is :MacBook Air
2019-11-28 12:05:21,414  INFO [main] LogReports:27 - Searching...MacBook Air
2019-11-28 12:05:23,038  INFO [main] LogReports:27 - clicked on MacBook Air link
2019-11-28 12:05:23,683  INFO [main] LogReports:27 - MacBook Qty qty is now 3
2019-11-28 12:05:23,870  INFO [main] LogReports:27 - Availability is in stock
2019-11-28 12:05:24,058  INFO [main] LogReports:27 - Product price is :$1,202.00
2019-11-28 12:05:24,232  INFO [main] LogReports:27 - Ex-Tax:Ex Tax: $1,000.00
2019-11-28 12:05:24,709  INFO [main] LogReports:27 - iphone of qty 3 is now added to the cart
2019-11-28 14:57:28,885  INFO [main] LogReports:27 - IE browser launched
2019-11-28 14:57:28,952  INFO [main] LogReports:27 - URL is loading http://tutorialsninja.com/demo/
2019-11-28 14:57:30,658  INFO [main] LogReports:27 - IE browser launched
2019-11-28 14:57:30,675  INFO [main] LogReports:27 - URL is loading http://tutorialsninja.com/demo/
2019-11-28 14:57:33,339  INFO [main] LogReports:27 - Url is matched :http://tutorialsninja.com/demo/
2019-11-28 14:57:33,543  INFO [main] LogReports:27 - Assert passed and the text is :The Ninja Store
2019-11-28 14:57:34,020  INFO [main] LogReports:27 - The test value is :iPhone
2019-11-28 14:57:35,092  INFO [main] LogReports:27 - Searching...iPhone
2019-11-28 14:57:37,129  INFO [main] LogReports:27 - clicked on iPhone link
2019-11-28 14:57:38,115  INFO [main] LogReports:27 - iphone qty is now 2
2019-11-28 14:57:38,588  INFO [main] LogReports:27 - iphone of qty 2 is now added to the cart
2019-11-28 14:57:39,426  INFO [main] LogReports:27 - The test value is :MacBook Air
2019-11-28 14:57:40,583  INFO [main] LogReports:27 - Searching...MacBook Air
2019-11-28 14:57:41,979  INFO [main] LogReports:27 - clicked on MacBook Air link
2019-11-28 14:57:42,617  INFO [main] LogReports:27 - MacBook Qty qty is now 3
2019-11-28 14:57:42,788  INFO [main] LogReports:27 - Availability is in stock
2019-11-28 14:57:42,936  INFO [main] LogReports:27 - Product price is :$1,202.00
2019-11-28 14:57:43,140  INFO [main] LogReports:27 - Ex-Tax:Ex Tax: $1,000.00
2019-11-28 14:57:44,154  INFO [main] LogReports:27 - iphone of qty 3 is now added to the cart
2019-11-28 14:58:08,743  INFO [main] LogReports:27 - IE browser launched
2019-11-28 14:58:08,771  INFO [main] LogReports:27 - URL is loading http://tutorialsninja.com/demo/
2019-11-28 14:58:11,227  INFO [main] LogReports:27 - Url is matched :http://tutorialsninja.com/demo/
2019-11-28 14:58:11,449  INFO [main] LogReports:27 - Assert passed and the text is :The Ninja Store
2019-11-28 14:58:11,916  INFO [main] LogReports:27 - The test value is :iPhone
2019-11-28 14:58:12,996  INFO [main] LogReports:27 - Searching...iPhone
2019-11-28 14:58:14,324  INFO [main] LogReports:27 - clicked on iPhone link
2019-11-28 14:58:15,028  INFO [main] LogReports:27 - iphone qty is now 2
2019-11-28 14:58:15,540  INFO [main] LogReports:27 - iphone of qty 2 is now added to the cart
2019-11-28 14:58:16,452  INFO [main] LogReports:27 - The test value is :MacBook Air
2019-11-28 14:58:17,532  INFO [main] LogReports:27 - Searching...MacBook Air
2019-11-28 14:58:18,900  INFO [main] LogReports:27 - clicked on MacBook Air link
2019-11-28 14:58:19,502  INFO [main] LogReports:27 - MacBook Qty qty is now 3
2019-11-28 14:58:19,659  INFO [main] LogReports:27 - Availability is in stock
2019-11-28 14:58:19,799  INFO [main] LogReports:27 - Product price is :$1,202.00
2019-11-28 14:58:19,941  INFO [main] LogReports:27 - Ex-Tax:Ex Tax: $1,000.00
2019-11-28 14:58:20,414  INFO [main] LogReports:27 - iphone of qty 3 is now added to the cart
2019-11-28 14:58:21,253  INFO [main] LogReports:27 - click on cart symbol
2019-11-28 14:58:22,773  INFO [main] LogReports:27 - clicked on view cart
2019-11-28 14:58:23,366  INFO [main] LogReports:27 - removing...iPhone
2019-11-28 14:58:25,189  INFO [main] LogReports:27 - IE browser launched
2019-11-28 14:58:25,215  INFO [main] LogReports:27 - URL is loading http://tutorialsninja.com/demo/
2019-11-28 14:58:26,626  INFO [main] LogReports:27 - Url is matched :http://tutorialsninja.com/demo/
2019-11-28 14:58:27,012  INFO [main] LogReports:27 - Assert passed and the text is :The Ninja Store
2019-11-28 14:58:27,761  INFO [main] LogReports:27 - The test value is :iPhone
2019-11-28 14:58:28,778  INFO [main] LogReports:27 - Searching...iPhone
2019-11-28 14:58:30,232  INFO [main] LogReports:27 - clicked on iPhone link
2019-11-28 14:58:31,041  INFO [main] LogReports:27 - iphone qty is now 2
2019-11-28 14:58:31,574  INFO [main] LogReports:27 - iphone of qty 2 is now added to the cart
2019-11-28 14:58:32,695  INFO [main] LogReports:27 - The test value is :MacBook Air
2019-11-28 14:58:33,719  INFO [main] LogReports:27 - Searching...MacBook Air
2019-11-28 14:58:35,096  INFO [main] LogReports:27 - clicked on MacBook Air link
2019-11-28 14:58:35,783  INFO [main] LogReports:27 - MacBook Qty qty is now 3
2019-11-28 14:58:36,002  INFO [main] LogReports:27 - Availability is in stock
2019-11-28 14:58:36,145  INFO [main] LogReports:27 - Product price is :$1,202.00
2019-11-28 14:58:36,305  INFO [main] LogReports:27 - Ex-Tax:Ex Tax: $1,000.00
2019-11-28 14:58:36,916  INFO [main] LogReports:27 - iphone of qty 3 is now added to the cart
2019-11-28 15:00:23,916  INFO [main] LogReports:27 - IE browser launched
2019-11-28 15:00:23,973  INFO [main] LogReports:27 - URL is loading http://tutorialsninja.com/demo/
2019-11-28 15:00:26,126  INFO [main] LogReports:27 - Url is matched :http://tutorialsninja.com/demo/
2019-11-28 15:00:26,328  INFO [main] LogReports:27 - Assert passed and the text is :The Ninja Store
2019-11-28 15:00:26,814  INFO [main] LogReports:27 - The test value is :iPhone
2019-11-28 15:00:27,877  INFO [main] LogReports:27 - Searching...iPhone
2019-11-28 15:00:29,230  INFO [main] LogReports:27 - clicked on iPhone link
2019-11-28 15:00:30,145  INFO [main] LogReports:27 - iphone qty is now 2
2019-11-28 15:00:30,623  INFO [main] LogReports:27 - iphone of qty 2 is now added to the cart
2019-11-28 15:00:31,394  INFO [main] LogReports:27 - The test value is :MacBook Air
2019-11-28 15:00:32,378  INFO [main] LogReports:27 - Searching...MacBook Air
2019-11-28 15:00:33,664  INFO [main] LogReports:27 - clicked on MacBook Air link
2019-11-28 15:00:34,283  INFO [main] LogReports:27 - MacBook Qty qty is now 3
2019-11-28 15:00:34,445  INFO [main] LogReports:27 - Availability is in stock
2019-11-28 15:00:34,576  INFO [main] LogReports:27 - Product price is :$1,202.00
2019-11-28 15:00:34,709  INFO [main] LogReports:27 - Ex-Tax:Ex Tax: $1,000.00
2019-11-28 15:00:35,166  INFO [main] LogReports:27 - iphone of qty 3 is now added to the cart
2019-11-28 15:00:36,039  INFO [main] LogReports:27 - click on cart symbol
2019-11-28 15:00:37,464  INFO [main] LogReports:27 - clicked on view cart
2019-11-28 15:00:37,950  INFO [main] LogReports:27 - removing...iPhone
2019-11-28 15:00:39,610  INFO [main] LogReports:27 - IE browser launched
2019-11-28 15:00:39,660  INFO [main] LogReports:27 - URL is loading http://tutorialsninja.com/demo/
2019-11-28 15:00:41,046  INFO [main] LogReports:27 - Url is matched :http://tutorialsninja.com/demo/
2019-11-28 15:00:41,328  INFO [main] LogReports:27 - Assert passed and the text is :The Ninja Store
2019-11-28 15:00:41,790  INFO [main] LogReports:27 - The test value is :iPhone
2019-11-28 15:00:42,810  INFO [main] LogReports:27 - Searching...iPhone
2019-11-28 15:00:44,155  INFO [main] LogReports:27 - clicked on iPhone link
2019-11-28 15:00:44,955  INFO [main] LogReports:27 - iphone qty is now 2
2019-11-28 15:00:45,465  INFO [main] LogReports:27 - iphone of qty 2 is now added to the cart
2019-11-28 15:00:46,284  INFO [main] LogReports:27 - The test value is :MacBook Air
2019-11-28 15:00:47,350  INFO [main] LogReports:27 - Searching...MacBook Air
2019-11-28 15:00:48,652  INFO [main] LogReports:27 - clicked on MacBook Air link
2019-11-28 15:00:49,227  INFO [main] LogReports:27 - MacBook Qty qty is now 3
2019-11-28 15:00:49,384  INFO [main] LogReports:27 - Availability is in stock
2019-11-28 15:00:49,524  INFO [main] LogReports:27 - Product price is :$1,202.00
2019-11-28 15:00:49,696  INFO [main] LogReports:27 - Ex-Tax:Ex Tax: $1,000.00
2019-11-28 15:00:50,152  INFO [main] LogReports:27 - iphone of qty 3 is now added to the cart
2019-11-28 15:00:51,038  INFO [main] LogReports:27 - click on cart symbol
2019-11-28 15:00:52,514  INFO [main] LogReports:27 - clicked on view cart
2019-11-28 15:00:53,005  INFO [main] LogReports:27 - removing...iPhone
2019-11-28 15:01:28,556  INFO [TestNG-tests-2] LogReports:27 - IE browser launched
2019-11-28 15:01:28,556  INFO [TestNG-tests-3] LogReports:27 - IE browser launched
2019-11-28 15:01:28,556  INFO [TestNG-tests-1] LogReports:27 - IE browser launched
2019-11-28 15:01:28,616  INFO [TestNG-tests-1] LogReports:27 - URL is loading http://tutorialsninja.com/demo/
2019-11-28 15:01:28,632  INFO [TestNG-tests-3] LogReports:27 - URL is loading http://tutorialsninja.com/demo/
2019-11-28 15:01:28,632  INFO [TestNG-tests-2] LogReports:27 - URL is loading http://tutorialsninja.com/demo/
2019-11-28 15:01:31,841  INFO [TestNG-tests-1] LogReports:27 - Url is matched :http://tutorialsninja.com/demo/
2019-11-28 15:01:31,841  INFO [TestNG-tests-2] LogReports:27 - Url is matched :http://tutorialsninja.com/demo/
2019-11-28 15:01:31,841  INFO [TestNG-tests-3] LogReports:27 - Url is matched :http://tutorialsninja.com/demo/
2019-11-28 15:01:32,371  INFO [TestNG-tests-2] LogReports:27 - Assert passed and the text is :The Ninja Store
2019-11-28 15:01:32,377  INFO [TestNG-tests-3] LogReports:27 - Assert passed and the text is :The Ninja Store
2019-11-28 15:01:32,378  INFO [TestNG-tests-1] LogReports:27 - Assert passed and the text is :The Ninja Store
2019-11-28 15:01:33,784  INFO [TestNG-tests-2] LogReports:27 - The test value is :iPhone
2019-11-28 15:01:33,916  INFO [TestNG-tests-1] LogReports:27 - The test value is :iPhone
2019-11-28 15:01:34,071  INFO [TestNG-tests-3] LogReports:27 - The test value is :iPhone
2019-11-28 15:01:35,622  INFO [TestNG-tests-2] LogReports:27 - Searching...iPhone
2019-11-28 15:01:35,769  INFO [TestNG-tests-1] LogReports:27 - Searching...iPhone
2019-11-28 15:01:36,050  INFO [TestNG-tests-3] LogReports:27 - Searching...iPhone
2019-11-28 15:01:38,094  INFO [TestNG-tests-1] LogReports:27 - clicked on iPhone link
2019-11-28 15:01:38,123  INFO [TestNG-tests-2] LogReports:27 - clicked on iPhone link
2019-11-28 15:01:38,543  INFO [TestNG-tests-3] LogReports:27 - clicked on iPhone link
2019-11-28 15:01:39,515  INFO [TestNG-tests-1] LogReports:27 - iphone qty is now 2
2019-11-28 15:01:39,603  INFO [TestNG-tests-2] LogReports:27 - iphone qty is now 2
2019-11-28 15:01:39,954  INFO [TestNG-tests-3] LogReports:27 - iphone qty is now 2
2019-11-28 15:01:40,882  INFO [TestNG-tests-1] LogReports:27 - iphone of qty 2 is now added to the cart
2019-11-28 15:01:40,920  INFO [TestNG-tests-2] LogReports:27 - iphone of qty 2 is now added to the cart
2019-11-28 15:01:41,315  INFO [TestNG-tests-3] LogReports:27 - iphone of qty 2 is now added to the cart
2019-11-28 15:01:42,519  INFO [TestNG-tests-1] LogReports:27 - The test value is :MacBook Air
2019-11-28 15:01:42,721  INFO [TestNG-tests-2] LogReports:27 - The test value is :MacBook Air
2019-11-28 15:01:42,901  INFO [TestNG-tests-3] LogReports:27 - The test value is :MacBook Air
2019-11-28 15:01:44,302  INFO [TestNG-tests-1] LogReports:27 - Searching...MacBook Air
2019-11-28 15:01:44,496  INFO [TestNG-tests-2] LogReports:27 - Searching...MacBook Air
2019-11-28 15:01:44,881  INFO [TestNG-tests-3] LogReports:27 - Searching...MacBook Air
2019-11-28 15:03:53,387  INFO [main] LogReports:27 - IE browser launched
2019-11-28 15:03:53,429  INFO [main] LogReports:27 - URL is loading http://tutorialsninja.com/demo/
2019-11-28 15:03:55,697  INFO [main] LogReports:27 - Url is matched :http://tutorialsninja.com/demo/
2019-11-28 15:03:55,931  INFO [main] LogReports:27 - Assert passed and the text is :The Ninja Store
2019-11-28 15:03:56,399  INFO [main] LogReports:27 - The test value is :iPhone
2019-11-28 15:03:57,448  INFO [main] LogReports:27 - Searching...iPhone
2019-11-28 15:03:58,735  INFO [main] LogReports:27 - clicked on iPhone link
2019-11-28 15:03:59,732  INFO [main] LogReports:27 - iphone qty is now 2
2019-11-28 15:04:00,278  INFO [main] LogReports:27 - iphone of qty 2 is now added to the cart
2019-11-28 15:04:01,110  INFO [main] LogReports:27 - The test value is :MacBook Air
2019-11-28 15:04:02,152  INFO [main] LogReports:27 - Searching...MacBook Air
2019-11-28 15:04:03,394  INFO [main] LogReports:27 - clicked on MacBook Air link
2019-11-28 15:04:04,065  INFO [main] LogReports:27 - MacBook Qty qty is now 3
2019-11-28 15:04:04,252  INFO [main] LogReports:27 - Availability is in stock
2019-11-28 15:04:04,399  INFO [main] LogReports:27 - Product price is :$1,202.00
2019-11-28 15:04:04,549  INFO [main] LogReports:27 - Ex-Tax:Ex Tax: $1,000.00
2019-11-28 15:04:05,048  INFO [main] LogReports:27 - iphone of qty 3 is now added to the cart
2019-11-28 15:04:05,908  INFO [main] LogReports:27 - click on cart symbol
2019-11-28 15:04:07,269  INFO [main] LogReports:27 - clicked on view cart
2019-11-28 15:04:07,777  INFO [main] LogReports:27 - removing...iPhone
2019-11-28 15:05:04,113  INFO [TestNG-tests-2] LogReports:27 - URL opened
2019-11-28 15:05:05,305  INFO [TestNG-tests-2] LogReports:27 - Url is matched :http://tutorialsninja.com/demo/
2019-11-28 15:05:05,635  INFO [TestNG-tests-2] LogReports:27 - Assert passed and the text is :The Ninja Store
2019-11-28 15:05:06,259  INFO [TestNG-tests-2] LogReports:27 - The test value is :iPhone
2019-11-28 15:05:07,481  INFO [TestNG-tests-2] LogReports:27 - Searching...iPhone
2019-11-28 15:05:09,391  INFO [TestNG-tests-2] LogReports:27 - clicked on iPhone link
2019-11-28 15:05:10,235  INFO [TestNG-tests-2] LogReports:27 - iphone qty is now 2
2019-11-28 15:05:10,794  INFO [TestNG-tests-2] LogReports:27 - iphone of qty 2 is now added to the cart
2019-11-28 15:05:11,744  INFO [TestNG-tests-2] LogReports:27 - The test value is :MacBook Air
2019-11-28 15:05:13,196  INFO [TestNG-tests-2] LogReports:27 - Searching...MacBook Air
2019-11-28 15:05:14,864  INFO [TestNG-tests-1] LogReports:27 - URL opened
2019-11-28 15:05:15,245  INFO [TestNG-tests-1] LogReports:27 - Url is matched :http://tutorialsninja.com/demo/
2019-11-28 15:05:15,460  INFO [TestNG-tests-1] LogReports:27 - Assert passed and the text is :The Ninja Store
2019-11-28 15:05:16,264  INFO [TestNG-tests-2] LogReports:27 - clicked on MacBook Air link
2019-11-28 15:05:16,505  INFO [TestNG-tests-1] LogReports:27 - The test value is :iPhone
2019-11-28 15:05:17,656  INFO [TestNG-tests-1] LogReports:27 - Searching...iPhone
2019-11-28 15:05:17,911  INFO [TestNG-tests-2] LogReports:27 - MacBook Qty qty is now 3
2019-11-28 15:05:18,351  INFO [TestNG-tests-2] LogReports:27 - Availability is in stock
2019-11-28 15:05:18,710  INFO [TestNG-tests-2] LogReports:27 - Product price is :$1,202.00
2019-11-28 15:05:21,641  INFO [TestNG-tests-2] LogReports:27 - Ex-Tax:Ex Tax: $1,000.00
2019-11-28 15:05:23,083  INFO [TestNG-tests-2] LogReports:27 - iphone of qty 3 is now added to the cart
2019-11-28 15:05:23,964  INFO [TestNG-tests-2] LogReports:27 - click on cart symbol
2019-11-28 15:05:25,118  INFO [TestNG-tests-1] LogReports:27 - clicked on iPhone link
2019-11-28 15:05:25,644  INFO [TestNG-tests-2] LogReports:27 - clicked on view cart
2019-11-28 15:05:26,139  INFO [TestNG-tests-1] LogReports:27 - iphone qty is now 2
2019-11-28 15:05:26,373  INFO [TestNG-tests-1] LogReports:27 - iphone of qty 2 is now added to the cart
2019-11-28 15:05:26,646  INFO [TestNG-tests-2] LogReports:27 - removing...iPhone
2019-11-28 15:05:27,380  INFO [TestNG-tests-1] LogReports:27 - The test value is :MacBook Air
2019-11-28 15:05:28,430  INFO [TestNG-tests-1] LogReports:27 - Searching...MacBook Air
2019-11-28 15:05:32,001  INFO [TestNG-tests-1] LogReports:27 - clicked on MacBook Air link
2019-11-28 15:05:32,237  INFO [TestNG-tests-1] LogReports:27 - MacBook Qty qty is now 3
2019-11-28 15:05:32,296  INFO [TestNG-tests-1] LogReports:27 - Availability is in stock
2019-11-28 15:05:32,364  INFO [TestNG-tests-1] LogReports:27 - Product price is :$1,202.00
2019-11-28 15:05:32,433  INFO [TestNG-tests-1] LogReports:27 - Ex-Tax:Ex Tax: $1,000.00
2019-11-28 15:05:32,559  INFO [TestNG-tests-1] LogReports:27 - iphone of qty 3 is now added to the cart
2019-11-28 15:05:32,767  INFO [TestNG-tests-1] LogReports:27 - click on cart symbol
2019-11-28 15:05:33,309  INFO [TestNG-tests-3] LogReports:27 - URL opened
2019-11-28 15:05:33,383  INFO [TestNG-tests-3] LogReports:27 - Url is matched :http://tutorialsninja.com/demo/
2019-11-28 15:05:33,529  INFO [TestNG-tests-3] LogReports:27 - Assert passed and the text is :The Ninja Store
2019-11-28 15:05:33,726  INFO [TestNG-tests-1] LogReports:27 - clicked on view cart
2019-11-28 15:05:33,925  INFO [TestNG-tests-1] LogReports:27 - removing...iPhone
2019-11-28 15:05:33,977  INFO [TestNG-tests-3] LogReports:27 - The test value is :iPhone
2019-11-28 15:05:34,953  INFO [TestNG-tests-3] LogReports:27 - Searching...iPhone
2019-11-28 15:05:38,104  INFO [TestNG-tests-3] LogReports:27 - clicked on iPhone link
2019-11-28 15:05:38,394  INFO [TestNG-tests-3] LogReports:27 - iphone qty is now 2
2019-11-28 15:05:38,685  INFO [TestNG-tests-3] LogReports:27 - iphone of qty 2 is now added to the cart
2019-11-28 15:05:38,763  INFO [TestNG-tests-3] LogReports:27 - The test value is :MacBook Air
2019-11-28 15:05:39,512  INFO [TestNG-tests-3] LogReports:27 - Searching...MacBook Air
2019-11-28 15:05:40,812  INFO [TestNG-tests-3] LogReports:27 - clicked on MacBook Air link
2019-11-28 15:05:40,911  INFO [TestNG-tests-3] LogReports:27 - MacBook Qty qty is now 3
2019-11-28 15:05:40,958  INFO [TestNG-tests-3] LogReports:27 - Availability is in stock
2019-11-28 15:05:41,031  INFO [TestNG-tests-3] LogReports:27 - Product price is :$1,202.00
2019-11-28 15:05:41,047  INFO [TestNG-tests-3] LogReports:27 - Ex-Tax:Ex Tax: $1,000.00
2019-11-28 15:05:41,297  INFO [TestNG-tests-3] LogReports:27 - iphone of qty 3 is now added to the cart
2019-11-28 15:05:41,564  INFO [TestNG-tests-3] LogReports:27 - click on cart symbol
2019-11-28 15:05:42,296  INFO [TestNG-tests-3] LogReports:27 - clicked on view cart
2019-11-28 15:05:42,675  INFO [TestNG-tests-3] LogReports:27 - removing...iPhone
2019-11-28 15:07:53,403  INFO [TestNG-tests-2] LogReports:27 - URL opened
2019-11-28 15:07:54,484  INFO [TestNG-tests-2] LogReports:27 - Url is matched :http://tutorialsninja.com/demo/
2019-11-28 15:07:54,902  INFO [TestNG-tests-2] LogReports:27 - Assert passed and the text is :The Ninja Store
2019-11-28 15:07:55,949  INFO [TestNG-tests-2] LogReports:27 - The test value is :iPhone
2019-11-28 15:07:57,309  INFO [TestNG-tests-2] LogReports:27 - Searching...iPhone
2019-11-28 15:07:59,820  INFO [TestNG-tests-2] LogReports:27 - clicked on iPhone link
2019-11-28 15:08:00,958  INFO [TestNG-tests-3] LogReports:27 - URL opened
2019-11-28 15:08:01,066  INFO [TestNG-tests-3] LogReports:27 - Url is matched :http://tutorialsninja.com/demo/
2019-11-28 15:08:01,153  INFO [TestNG-tests-3] LogReports:27 - Assert passed and the text is :The Ninja Store
2019-11-28 15:08:01,246  INFO [TestNG-tests-3] LogReports:27 - The test value is :iPhone
2019-11-28 15:08:01,366  INFO [TestNG-tests-2] LogReports:27 - iphone qty is now 2
2019-11-28 15:08:02,194  INFO [TestNG-tests-3] LogReports:27 - Searching...iPhone
2019-11-28 15:08:02,329  INFO [TestNG-tests-2] LogReports:27 - iphone of qty 2 is now added to the cart
2019-11-28 15:08:03,892  INFO [TestNG-tests-1] LogReports:27 - URL opened
2019-11-28 15:08:04,040  INFO [TestNG-tests-1] LogReports:27 - Url is matched :http://tutorialsninja.com/demo/
2019-11-28 15:08:04,055  INFO [TestNG-tests-2] LogReports:27 - The test value is :MacBook Air
2019-11-28 15:08:04,283  INFO [TestNG-tests-1] LogReports:27 - Assert passed and the text is :The Ninja Store
2019-11-28 15:08:05,243  INFO [TestNG-tests-1] LogReports:27 - The test value is :iPhone
2019-11-28 15:08:05,830  INFO [TestNG-tests-3] LogReports:27 - clicked on iPhone link
2019-11-28 15:08:06,103  INFO [TestNG-tests-2] LogReports:27 - Searching...MacBook Air
2019-11-28 15:08:06,126  INFO [TestNG-tests-3] LogReports:27 - iphone qty is now 2
2019-11-28 15:08:06,351  INFO [TestNG-tests-1] LogReports:27 - Searching...iPhone
2019-11-28 15:08:06,413  INFO [TestNG-tests-3] LogReports:27 - iphone of qty 2 is now added to the cart
2019-11-28 15:08:06,501  INFO [TestNG-tests-3] LogReports:27 - The test value is :MacBook Air
2019-11-28 15:08:07,465  INFO [TestNG-tests-3] LogReports:27 - Searching...MacBook Air
2019-11-28 15:08:08,487  INFO [TestNG-tests-2] LogReports:27 - clicked on MacBook Air link
2019-11-28 15:08:09,792  INFO [TestNG-tests-3] LogReports:27 - clicked on MacBook Air link
2019-11-28 15:08:09,940  INFO [TestNG-tests-3] LogReports:27 - MacBook Qty qty is now 3
2019-11-28 15:08:09,981  INFO [TestNG-tests-3] LogReports:27 - Availability is in stock
2019-11-28 15:08:10,009  INFO [TestNG-tests-3] LogReports:27 - Product price is :$1,202.00
2019-11-28 15:08:10,074  INFO [TestNG-tests-3] LogReports:27 - Ex-Tax:Ex Tax: $1,000.00
2019-11-28 15:08:10,383  INFO [TestNG-tests-3] LogReports:27 - iphone of qty 3 is now added to the cart
2019-11-28 15:08:10,627  INFO [TestNG-tests-3] LogReports:27 - click on cart symbol
2019-11-28 15:08:11,507  INFO [TestNG-tests-3] LogReports:27 - clicked on view cart
2019-11-28 15:08:11,821  INFO [TestNG-tests-2] LogReports:27 - MacBook Qty qty is now 3
2019-11-28 15:08:11,825  INFO [TestNG-tests-3] LogReports:27 - removing...iPhone
2019-11-28 15:08:12,201  INFO [TestNG-tests-2] LogReports:27 - Availability is in stock
2019-11-28 15:08:12,409  INFO [TestNG-tests-2] LogReports:27 - Product price is :$1,202.00
2019-11-28 15:08:12,626  INFO [TestNG-tests-2] LogReports:27 - Ex-Tax:Ex Tax: $1,000.00
2019-11-28 15:08:12,721  INFO [TestNG-tests-1] LogReports:27 - clicked on iPhone link
2019-11-28 15:08:13,090  INFO [TestNG-tests-1] LogReports:27 - iphone qty is now 2
2019-11-28 15:08:13,357  INFO [TestNG-tests-2] LogReports:27 - iphone of qty 3 is now added to the cart
2019-11-28 15:08:13,376  INFO [TestNG-tests-1] LogReports:27 - iphone of qty 2 is now added to the cart
2019-11-28 15:08:14,046  INFO [TestNG-tests-1] LogReports:27 - The test value is :MacBook Air
2019-11-28 15:08:14,348  INFO [TestNG-tests-2] LogReports:27 - click on cart symbol
2019-11-28 15:08:14,982  INFO [TestNG-tests-1] LogReports:27 - Searching...MacBook Air
2019-11-28 15:08:16,718  INFO [TestNG-tests-2] LogReports:27 - clicked on view cart
2019-11-28 15:08:17,599  INFO [TestNG-tests-2] LogReports:27 - removing...iPhone
2019-11-28 15:08:18,513  INFO [TestNG-tests-1] LogReports:27 - clicked on MacBook Air link
2019-11-28 15:08:18,801  INFO [TestNG-tests-1] LogReports:27 - MacBook Qty qty is now 3
2019-11-28 15:08:18,867  INFO [TestNG-tests-1] LogReports:27 - Availability is in stock
2019-11-28 15:08:18,927  INFO [TestNG-tests-1] LogReports:27 - Product price is :$1,202.00
2019-11-28 15:08:18,981  INFO [TestNG-tests-1] LogReports:27 - Ex-Tax:Ex Tax: $1,000.00
2019-11-28 15:08:19,088  INFO [TestNG-tests-1] LogReports:27 - iphone of qty 3 is now added to the cart
2019-11-28 15:08:19,228  INFO [TestNG-tests-1] LogReports:27 - click on cart symbol
2019-11-28 15:08:20,123  INFO [TestNG-tests-1] LogReports:27 - clicked on view cart
2019-11-28 15:08:20,267  INFO [TestNG-tests-1] LogReports:27 - removing...iPhone
2019-11-28 15:08:56,777  INFO [TestNG-tests-2] LogReports:27 - URL opened
2019-11-28 15:08:57,928  INFO [TestNG-tests-2] LogReports:27 - Url is matched :http://tutorialsninja.com/demo/
2019-11-28 15:08:58,634  INFO [TestNG-tests-2] LogReports:27 - Assert passed and the text is :The Ninja Store
2019-11-28 15:08:59,197  INFO [TestNG-tests-2] LogReports:27 - The test value is :iPhone
2019-11-28 15:09:00,983  INFO [TestNG-tests-2] LogReports:27 - Searching...iPhone
2019-11-28 15:09:03,446  INFO [TestNG-tests-2] LogReports:27 - clicked on iPhone link
2019-11-28 15:09:03,534  INFO [TestNG-tests-3] LogReports:27 - URL opened
2019-11-28 15:09:03,692  INFO [TestNG-tests-3] LogReports:27 - Url is matched :http://tutorialsninja.com/demo/
2019-11-28 15:09:03,738  INFO [TestNG-tests-3] LogReports:27 - Assert passed and the text is :The Ninja Store
2019-11-28 15:09:03,838  INFO [TestNG-tests-3] LogReports:27 - The test value is :iPhone
2019-11-28 15:09:04,732  INFO [TestNG-tests-2] LogReports:27 - iphone qty is now 2
2019-11-28 15:09:04,789  INFO [TestNG-tests-3] LogReports:27 - Searching...iPhone
2019-11-28 15:09:05,520  INFO [TestNG-tests-2] LogReports:27 - iphone of qty 2 is now added to the cart
2019-11-28 15:09:06,700  INFO [TestNG-tests-2] LogReports:27 - The test value is :MacBook Air
2019-11-28 15:09:07,577  INFO [TestNG-tests-3] LogReports:27 - clicked on iPhone link
2019-11-28 15:09:07,833  INFO [TestNG-tests-3] LogReports:27 - iphone qty is now 2
2019-11-28 15:09:08,116  INFO [TestNG-tests-3] LogReports:27 - iphone of qty 2 is now added to the cart
2019-11-28 15:09:08,197  INFO [TestNG-tests-3] LogReports:27 - The test value is :MacBook Air
2019-11-28 15:09:08,607  INFO [TestNG-tests-1] LogReports:27 - URL opened
2019-11-28 15:09:08,799  INFO [TestNG-tests-1] LogReports:27 - Url is matched :http://tutorialsninja.com/demo/
2019-11-28 15:09:09,026  INFO [TestNG-tests-1] LogReports:27 - Assert passed and the text is :The Ninja Store
2019-11-28 15:09:09,065  INFO [TestNG-tests-3] LogReports:27 - Searching...MacBook Air
2019-11-28 15:09:09,150  INFO [TestNG-tests-2] LogReports:27 - Searching...MacBook Air
2019-11-28 15:09:09,491  INFO [TestNG-tests-1] LogReports:27 - The test value is :iPhone
2019-11-28 15:09:10,707  INFO [TestNG-tests-1] LogReports:27 - Searching...iPhone
2019-11-28 15:09:11,017  INFO [TestNG-tests-3] LogReports:27 - clicked on MacBook Air link
2019-11-28 15:09:11,150  INFO [TestNG-tests-3] LogReports:27 - MacBook Qty qty is now 3
2019-11-28 15:09:11,195  INFO [TestNG-tests-3] LogReports:27 - Availability is in stock
2019-11-28 15:09:11,232  INFO [TestNG-tests-3] LogReports:27 - Product price is :$1,202.00
2019-11-28 15:09:11,267  INFO [TestNG-tests-3] LogReports:27 - Ex-Tax:Ex Tax: $1,000.00
2019-11-28 15:09:11,529  INFO [TestNG-tests-3] LogReports:27 - iphone of qty 3 is now added to the cart
2019-11-28 15:09:11,800  INFO [TestNG-tests-3] LogReports:27 - click on cart symbol
2019-11-28 15:09:11,844  INFO [TestNG-tests-2] LogReports:27 - clicked on MacBook Air link
2019-11-28 15:09:12,648  INFO [TestNG-tests-3] LogReports:27 - clicked on view cart
2019-11-28 15:09:13,014  INFO [TestNG-tests-3] LogReports:27 - removing...iPhone
2019-11-28 15:09:13,275  INFO [TestNG-tests-2] LogReports:27 - MacBook Qty qty is now 3
2019-11-28 15:09:13,681  INFO [TestNG-tests-2] LogReports:27 - Availability is in stock
2019-11-28 15:09:14,174  INFO [TestNG-tests-2] LogReports:27 - Product price is :$1,202.00
2019-11-28 15:09:14,426  INFO [TestNG-tests-2] LogReports:27 - Ex-Tax:Ex Tax: $1,000.00
2019-11-28 15:09:15,072  INFO [TestNG-tests-2] LogReports:27 - iphone of qty 3 is now added to the cart
2019-11-28 15:09:15,895  INFO [TestNG-tests-2] LogReports:27 - click on cart symbol
2019-11-28 15:09:16,047  INFO [TestNG-tests-1] LogReports:27 - clicked on iPhone link
2019-11-28 15:09:16,392  INFO [TestNG-tests-1] LogReports:27 - iphone qty is now 2
2019-11-28 15:09:16,692  INFO [TestNG-tests-1] LogReports:27 - iphone of qty 2 is now added to the cart
2019-11-28 15:09:17,562  INFO [TestNG-tests-1] LogReports:27 - The test value is :MacBook Air
2019-11-28 15:09:17,926  INFO [TestNG-tests-2] LogReports:27 - clicked on view cart
2019-11-28 15:09:18,456  INFO [TestNG-tests-1] LogReports:27 - Searching...MacBook Air
2019-11-28 15:09:18,710  INFO [TestNG-tests-2] LogReports:27 - removing...iPhone
2019-11-28 15:09:20,924  INFO [TestNG-tests-1] LogReports:27 - clicked on MacBook Air link
2019-11-28 15:09:21,144  INFO [TestNG-tests-1] LogReports:27 - MacBook Qty qty is now 3
2019-11-28 15:09:21,227  INFO [TestNG-tests-1] LogReports:27 - Availability is in stock
2019-11-28 15:09:21,293  INFO [TestNG-tests-1] LogReports:27 - Product price is :$1,202.00
2019-11-28 15:09:21,340  INFO [TestNG-tests-1] LogReports:27 - Ex-Tax:Ex Tax: $1,000.00
2019-11-28 15:09:21,444  INFO [TestNG-tests-1] LogReports:27 - iphone of qty 3 is now added to the cart
2019-11-28 15:09:21,551  INFO [TestNG-tests-1] LogReports:27 - click on cart symbol
2019-11-28 15:09:22,484  INFO [TestNG-tests-1] LogReports:27 - clicked on view cart
2019-11-28 15:09:22,673  INFO [TestNG-tests-1] LogReports:27 - removing...iPhone
2019-11-28 15:12:52,112  INFO [main] LogReports:27 - URL opened
2019-11-28 15:12:53,512  INFO [main] LogReports:27 - Url is matched :http://tutorialsninja.com/demo/
2019-11-28 15:12:53,782  INFO [main] LogReports:27 - Assert passed and the text is :The Ninja Store
2019-11-28 15:12:54,590  INFO [main] LogReports:27 - The test value is :iPhone
2019-11-28 15:12:55,656  INFO [main] LogReports:27 - Searching...iPhone
2019-11-28 15:12:57,105  INFO [main] LogReports:27 - clicked on iPhone link
2019-11-28 15:12:57,805  INFO [main] LogReports:27 - iphone qty is now 2
2019-11-28 15:12:58,330  INFO [main] LogReports:27 - iphone of qty 2 is now added to the cart
2019-11-28 15:12:59,173  INFO [main] LogReports:27 - The test value is :MacBook Air
2019-11-28 15:13:00,370  INFO [main] LogReports:27 - Searching...MacBook Air
2019-11-28 15:13:01,845  INFO [main] LogReports:27 - clicked on MacBook Air link
2019-11-28 15:13:02,560  INFO [main] LogReports:27 - MacBook Qty qty is now 3
2019-11-28 15:13:02,729  INFO [main] LogReports:27 - Availability is in stock
2019-11-28 15:13:02,874  INFO [main] LogReports:27 - Product price is :$1,202.00
2019-11-28 15:13:03,027  INFO [main] LogReports:27 - Ex-Tax:Ex Tax: $1,000.00
2019-11-28 15:13:03,645  INFO [main] LogReports:27 - iphone of qty 3 is now added to the cart
2019-11-28 15:20:52,439  INFO [TestNG-tests-1] LogReports:27 - URL opened
2019-11-28 15:20:53,602  INFO [TestNG-tests-1] LogReports:27 - Url is matched :http://tutorialsninja.com/demo/
2019-11-28 15:20:53,926  INFO [TestNG-tests-1] LogReports:27 - Assert passed and the text is :The Ninja Store
2019-11-28 15:20:54,685  INFO [TestNG-tests-1] LogReports:27 - The test value is :iPhone
2019-11-28 15:20:55,979  INFO [TestNG-tests-1] LogReports:27 - Searching...iPhone
2019-11-28 15:20:57,709  INFO [TestNG-tests-1] LogReports:27 - clicked on iPhone link
2019-11-28 15:20:58,427  INFO [TestNG-tests-1] LogReports:27 - iphone qty is now 2
2019-11-28 15:20:58,913  INFO [TestNG-tests-1] LogReports:27 - iphone of qty 2 is now added to the cart
2019-11-28 15:20:59,685  INFO [TestNG-tests-1] LogReports:27 - The test value is :MacBook Air
2019-11-28 15:21:00,763  INFO [TestNG-tests-1] LogReports:27 - Searching...MacBook Air
2019-11-28 15:21:02,539  INFO [TestNG-tests-1] LogReports:27 - clicked on MacBook Air link
2019-11-28 15:21:03,265  INFO [TestNG-tests-1] LogReports:27 - MacBook Qty qty is now 3
2019-11-28 15:21:03,421  INFO [TestNG-tests-1] LogReports:27 - Availability is in stock
2019-11-28 15:21:03,613  INFO [TestNG-tests-1] LogReports:27 - Product price is :$1,202.00
2019-11-28 15:21:03,775  INFO [TestNG-tests-1] LogReports:27 - Ex-Tax:Ex Tax: $1,000.00
2019-11-28 15:21:04,245  INFO [TestNG-tests-1] LogReports:27 - iphone of qty 3 is now added to the cart
2019-11-28 15:21:05,043  INFO [TestNG-tests-1] LogReports:27 - click on cart symbol
2019-11-28 15:21:06,489  INFO [TestNG-tests-1] LogReports:27 - clicked on view cart
2019-11-28 15:21:07,027  INFO [TestNG-tests-1] LogReports:27 - removing...iPhone
2019-11-28 15:26:18,926  INFO [TestNG-tests-1] LogReports:27 - URL opened
2019-11-28 15:26:20,366  INFO [TestNG-tests-1] LogReports:27 - Url is matched :http://tutorialsninja.com/demo/
2019-11-28 15:26:20,437  INFO [TestNG-tests-1] LogReports:27 - Assert passed and the text is :The Ninja Store
2019-11-28 15:26:20,588  INFO [TestNG-tests-1] LogReports:27 - The test value is :iPhone
2019-11-28 15:26:21,369  INFO [TestNG-tests-1] LogReports:27 - Searching...iPhone
2019-11-28 15:26:24,484  INFO [TestNG-tests-1] LogReports:27 - clicked on iPhone link
2019-11-28 15:26:24,724  INFO [TestNG-tests-1] LogReports:27 - iphone qty is now 2
2019-11-28 15:26:24,897  INFO [TestNG-tests-1] LogReports:27 - iphone of qty 2 is now added to the cart
2019-11-28 15:26:25,131  INFO [TestNG-tests-1] LogReports:27 - The test value is :MacBook Air
2019-11-28 15:26:25,949  INFO [TestNG-tests-1] LogReports:27 - Searching...MacBook Air
2019-11-28 15:26:27,116  INFO [TestNG-tests-1] LogReports:27 - clicked on MacBook Air link
2019-11-28 15:26:27,323  INFO [TestNG-tests-1] LogReports:27 - MacBook Qty qty is now 3
2019-11-28 15:26:27,376  INFO [TestNG-tests-1] LogReports:27 - Availability is in stock
2019-11-28 15:26:27,417  INFO [TestNG-tests-1] LogReports:27 - Product price is :$1,202.00
2019-11-28 15:26:27,466  INFO [TestNG-tests-1] LogReports:27 - Ex-Tax:Ex Tax: $1,000.00
2019-11-28 15:26:27,564  INFO [TestNG-tests-1] LogReports:27 - iphone of qty 3 is now added to the cart
2019-11-28 15:26:27,684  INFO [TestNG-tests-1] LogReports:27 - click on cart symbol
2019-11-28 15:26:28,521  INFO [TestNG-tests-1] LogReports:27 - clicked on view cart
2019-11-28 15:26:28,729  INFO [TestNG-tests-1] LogReports:27 - removing...iPhone
2019-11-28 15:26:59,497  INFO [main] LogReports:27 - URL opened
2019-11-28 15:27:00,597  INFO [main] LogReports:27 - Url is matched :http://tutorialsninja.com/demo/
2019-11-28 15:27:00,654  INFO [main] LogReports:27 - Assert passed and the text is :The Ninja Store
2019-11-28 15:27:00,833  INFO [main] LogReports:27 - The test value is :iPhone
2019-11-28 15:27:01,953  INFO [main] LogReports:27 - Searching...iPhone
2019-11-28 15:27:04,318  INFO [main] LogReports:27 - clicked on iPhone link
2019-11-28 15:27:04,465  INFO [main] LogReports:27 - iphone qty is now 2
2019-11-28 15:27:04,596  INFO [main] LogReports:27 - iphone of qty 2 is now added to the cart
2019-11-28 15:27:04,828  INFO [main] LogReports:27 - The test value is :MacBook Air
2019-11-28 15:27:05,662  INFO [main] LogReports:27 - Searching...MacBook Air
2019-11-28 15:27:06,944  INFO [main] LogReports:27 - clicked on MacBook Air link
2019-11-28 15:27:07,358  INFO [main] LogReports:27 - MacBook Qty qty is now 3
2019-11-28 15:27:07,420  INFO [main] LogReports:27 - Availability is in stock
2019-11-28 15:27:07,507  INFO [main] LogReports:27 - Product price is :$1,202.00
2019-11-28 15:27:07,564  INFO [main] LogReports:27 - Ex-Tax:Ex Tax: $1,000.00
2019-11-28 15:27:07,774  INFO [main] LogReports:27 - iphone of qty 3 is now added to the cart
2019-11-28 15:27:07,888  INFO [main] LogReports:27 - click on cart symbol
2019-11-28 15:27:08,734  INFO [main] LogReports:27 - clicked on view cart
2019-11-28 15:27:08,848  INFO [main] LogReports:27 - removing...iPhone
2019-11-28 15:27:22,216  INFO [main] LogReports:27 - URL opened
2019-11-28 15:27:22,316  INFO [main] LogReports:27 - Url is matched :http://tutorialsninja.com/demo/
2019-11-28 15:27:22,375  INFO [main] LogReports:27 - Assert passed and the text is :The Ninja Store
2019-11-28 15:27:22,502  INFO [main] LogReports:27 - The test value is :iPhone
2019-11-28 15:27:23,324  INFO [main] LogReports:27 - Searching...iPhone
2019-11-28 15:27:26,412  INFO [main] LogReports:27 - clicked on iPhone link
2019-11-28 15:27:26,622  INFO [main] LogReports:27 - iphone qty is now 2
2019-11-28 15:27:26,751  INFO [main] LogReports:27 - iphone of qty 2 is now added to the cart
2019-11-28 15:27:27,008  INFO [main] LogReports:27 - The test value is :MacBook Air
2019-11-28 15:27:27,876  INFO [main] LogReports:27 - Searching...MacBook Air
2019-11-28 15:27:29,366  INFO [main] LogReports:27 - clicked on MacBook Air link
2019-11-28 15:27:29,608  INFO [main] LogReports:27 - MacBook Qty qty is now 3
2019-11-28 15:27:29,661  INFO [main] LogReports:27 - Availability is in stock
2019-11-28 15:27:29,707  INFO [main] LogReports:27 - Product price is :$1,202.00
2019-11-28 15:27:29,743  INFO [main] LogReports:27 - Ex-Tax:Ex Tax: $1,000.00
2019-11-28 15:27:29,834  INFO [main] LogReports:27 - iphone of qty 3 is now added to the cart
2019-11-28 15:27:29,946  INFO [main] LogReports:27 - click on cart symbol
2019-11-28 15:27:30,862  INFO [main] LogReports:27 - clicked on view cart
2019-11-28 15:27:30,983  INFO [main] LogReports:27 - removing...iPhone
2019-11-28 15:41:09,689  INFO [main] LogReports:27 - URL opened
2019-11-28 15:41:10,875  INFO [main] LogReports:27 - Url is matched :http://tutorialsninja.com/demo/
2019-11-28 15:41:10,936  INFO [main] LogReports:27 - Assert passed and the text is :The Ninja Store
2019-11-28 15:41:11,065  INFO [main] LogReports:27 - The test value is :iPhone
2019-11-28 15:41:11,848  INFO [main] LogReports:27 - Searching...iPhone
2019-11-28 15:41:17,827  INFO [main] LogReports:27 - clicked on iPhone link
2019-11-28 15:41:18,033  INFO [main] LogReports:27 - iphone qty is now 2
2019-11-28 15:41:18,156  INFO [main] LogReports:27 - iphone of qty 2 is now added to the cart
2019-11-28 15:42:46,472  INFO [main] LogReports:27 - URL opened
2019-11-28 15:42:47,805  INFO [main] LogReports:27 - Url is matched :http://tutorialsninja.com/demo/
2019-11-28 15:42:47,915  INFO [main] LogReports:27 - Assert passed and the text is :The Ninja Store
2019-11-28 15:42:48,326  INFO [main] LogReports:27 - The test value is :iPhone
2019-11-28 15:42:49,252  INFO [main] LogReports:27 - Searching...iPhone
2019-11-28 15:42:55,136  INFO [main] LogReports:27 - clicked on iPhone link
2019-11-28 15:42:55,480  INFO [main] LogReports:27 - iphone qty is now 2
2019-11-28 15:42:55,603  INFO [main] LogReports:27 - iphone of qty 2 is now added to the cart
2019-11-28 15:42:55,860  INFO [main] LogReports:27 - The test value is :MacBook Air
2019-11-28 15:42:56,711  INFO [main] LogReports:27 - Searching...MacBook Air
2019-11-28 15:42:58,724  INFO [main] LogReports:27 - clicked on MacBook Air link
2019-11-28 15:42:58,908  INFO [main] LogReports:27 - MacBook Qty qty is now 3
2019-11-28 15:42:58,994  INFO [main] LogReports:27 - Availability is in stock
2019-11-28 15:42:59,065  INFO [main] LogReports:27 - Product price is :$1,202.00
2019-11-28 15:42:59,136  INFO [main] LogReports:27 - Ex-Tax:Ex Tax: $1,000.00
2019-11-28 15:42:59,292  INFO [main] LogReports:27 - iphone of qty 3 is now added to the cart
2019-11-28 15:42:59,509  INFO [main] LogReports:27 - click on cart symbol
2019-11-28 15:43:00,370  INFO [main] LogReports:27 - clicked on view cart
2019-11-28 15:43:00,490  INFO [main] LogReports:27 - removing...iPhone
2019-11-28 17:34:09,885  INFO [main] LogReports:32 - URL opened
2019-11-28 17:34:11,234  INFO [main] LogReports:32 - Url is matched :http://tutorialsninja.com/demo/
2019-11-28 17:34:11,295  INFO [main] LogReports:32 - Assert passed and the text is :The Ninja Store
2019-11-28 17:34:11,451  INFO [main] LogReports:32 - The test value is :iPhone
2019-11-28 17:34:12,328  INFO [main] LogReports:32 - Searching...iPhone
2019-11-28 17:34:18,738  INFO [main] LogReports:32 - clicked on iPhone link
2019-11-28 17:34:19,035  INFO [main] LogReports:32 - iphone qty is now 2
2019-11-28 17:34:19,179  INFO [main] LogReports:32 - iphone of qty 2 is now added to the cart
2019-11-28 17:34:19,428  INFO [main] LogReports:32 - The test value is :MacBook Air
2019-11-28 17:34:20,551  INFO [main] LogReports:32 - Searching...MacBook Air
2019-11-28 17:34:22,860  INFO [main] LogReports:32 - clicked on MacBook Air link
2019-11-28 17:34:23,218  INFO [main] LogReports:32 - MacBook Qty qty is now 3
2019-11-28 17:34:23,314  INFO [main] LogReports:32 - Availability is in stock
2019-11-28 17:34:23,409  INFO [main] LogReports:32 - Product price is :$1,202.00
2019-11-28 17:34:23,483  INFO [main] LogReports:32 - Ex-Tax:Ex Tax: $1,000.00
2019-11-28 17:34:23,598  INFO [main] LogReports:32 - iphone of qty 3 is now added to the cart
2019-11-28 17:34:23,708  INFO [main] LogReports:32 - click on cart symbol
2019-11-28 17:34:24,562  INFO [main] LogReports:32 - clicked on view cart
2019-11-28 17:34:24,677  INFO [main] LogReports:32 - removing...iPhone
2019-11-28 17:34:38,116  INFO [main] LogReports:32 - URL opened
2019-11-28 17:34:38,211  INFO [main] LogReports:32 - Url is matched :http://tutorialsninja.com/demo/
2019-11-28 17:34:38,354  INFO [main] LogReports:32 - Assert passed and the text is :The Ninja Store
2019-11-28 17:34:38,593  INFO [main] LogReports:32 - The test value is :iPhone
2019-11-28 17:34:39,537  INFO [main] LogReports:32 - Searching...iPhone
2019-11-28 17:34:45,438  INFO [main] LogReports:32 - clicked on iPhone link
2019-11-28 17:34:45,632  INFO [main] LogReports:32 - iphone qty is now 2
2019-11-28 17:34:45,813  INFO [main] LogReports:32 - iphone of qty 2 is now added to the cart
2019-11-28 17:34:46,058  INFO [main] LogReports:32 - The test value is :MacBook Air
2019-11-28 17:34:46,895  INFO [main] LogReports:32 - Searching...MacBook Air
2019-11-28 17:34:48,403  INFO [main] LogReports:32 - clicked on MacBook Air link
2019-11-28 17:34:48,602  INFO [main] LogReports:32 - MacBook Qty qty is now 3
2019-11-28 17:34:48,657  INFO [main] LogReports:32 - Availability is in stock
2019-11-28 17:34:48,694  INFO [main] LogReports:32 - Product price is :$1,202.00
2019-11-28 17:34:48,731  INFO [main] LogReports:32 - Ex-Tax:Ex Tax: $1,000.00
2019-11-28 17:34:48,845  INFO [main] LogReports:32 - iphone of qty 3 is now added to the cart
2019-11-28 17:34:48,956  INFO [main] LogReports:32 - click on cart symbol
2019-11-28 17:34:49,794  INFO [main] LogReports:32 - clicked on view cart
2019-11-28 17:34:49,898  INFO [main] LogReports:32 - removing...iPhone
